Using pre-set license
Built from '2021.3/staging' branch; Version is '2021.3.0f1 (6eacc8284459) revision 7253192'; Using compiler version '192829333'; Build Type 'Release'
OS: 'Windows 10  (10.0.19044) 64bit Core' Language: 'tr' Physical Memory: 16318 MB
BatchMode: 1, IsHumanControllingUs: 0, StartBugReporterOnCrash: 0, Is64bit: 1, IsPro: 1

COMMAND LINE ARGUMENTS:
C:\Program Files\Unity\Hub\Editor\2021.3.0f1\Editor\Unity.exe
-adb2
-batchMode
-noUpm
-name
AssetImportWorker0
-projectPath
D:/Unity/MyProjects/CubeSurfer/CubeSurfer/CubeSurfers
-logFile
Logs/AssetImportWorker0.log
-srvPort
55674
Successfully changed project path to: D:/Unity/MyProjects/CubeSurfer/CubeSurfer/CubeSurfers
D:/Unity/MyProjects/CubeSurfer/CubeSurfer/CubeSurfers
[UnityMemory] Configuration Parameters - Can be set up in boot.config
    "memorysetup-bucket-allocator-granularity=16"
    "memorysetup-bucket-allocator-bucket-count=8"
    "memorysetup-bucket-allocator-block-size=33554432"
    "memorysetup-bucket-allocator-block-count=8"
    "memorysetup-main-allocator-block-size=16777216"
    "memorysetup-thread-allocator-block-size=16777216"
    "memorysetup-gfx-main-allocator-block-size=16777216"
    "memorysetup-gfx-thread-allocator-block-size=16777216"
    "memorysetup-cache-allocator-block-size=4194304"
    "memorysetup-typetree-allocator-block-size=2097152"
    "memorysetup-profiler-bucket-allocator-granularity=16"
    "memorysetup-profiler-bucket-allocator-bucket-count=8"
    "memorysetup-profiler-bucket-allocator-block-size=33554432"
    "memorysetup-profiler-bucket-allocator-block-count=8"
    "memorysetup-profiler-allocator-block-size=16777216"
    "memorysetup-profiler-editor-allocator-block-size=1048576"
    "memorysetup-temp-allocator-size-main=16777216"
    "memorysetup-job-temp-allocator-block-size=2097152"
    "memorysetup-job-temp-allocator-block-size-background=1048576"
    "memorysetup-job-temp-allocator-reduction-small-platforms=262144"
    "memorysetup-temp-allocator-size-background-worker=32768"
    "memorysetup-temp-allocator-size-job-worker=262144"
    "memorysetup-temp-allocator-size-preload-manager=33554432"
    "memorysetup-temp-allocator-size-nav-mesh-worker=65536"
    "memorysetup-temp-allocator-size-audio-worker=65536"
    "memorysetup-temp-allocator-size-cloud-worker=32768"
    "memorysetup-temp-allocator-size-gi-baking-worker=262144"
    "memorysetup-temp-allocator-size-gfx=262144"
Refreshing native plugins compatible for Editor in 75.87 ms, found 3 plugins.
Preloading 0 native plugins for Editor in 0.00 ms.
Initialize engine version: 2021.3.0f1 (6eacc8284459)
[Subsystems] Discovering subsystems at path C:/Program Files/Unity/Hub/Editor/2021.3.0f1/Editor/Data/Resources/UnitySubsystems
[Subsystems] Discovering subsystems at path D:/Unity/MyProjects/CubeSurfer/CubeSurfer/CubeSurfers/Assets
GfxDevice: creating device client; threaded=0; jobified=0
Direct3D:
    Version:  Direct3D 11.0 [level 11.1]
    Renderer: NVIDIA GeForce GTX 1660 SUPER (ID=0x21c4)
    Vendor:   NVIDIA
    VRAM:     5991 MB
    Driver:   27.21.14.5671
Initialize mono
Mono path[0] = 'C:/Program Files/Unity/Hub/Editor/2021.3.0f1/Editor/Data/Managed'
Mono path[1] = 'C:/Program Files/Unity/Hub/Editor/2021.3.0f1/Editor/Data/MonoBleedingEdge/lib/mono/unityjit-win32'
Mono config path = 'C:/Program Files/Unity/Hub/Editor/2021.3.0f1/Editor/Data/MonoBleedingEdge/etc'
Using monoOptions --debugger-agent=transport=dt_socket,embedding=1,server=y,suspend=n,address=127.0.0.1:56716
Begin MonoManager ReloadAssembly
Registering precompiled unity dll's ...
Register platform support module: C:/Program Files/Unity/Hub/Editor/2021.3.0f1/Editor/Data/PlaybackEngines/WebGLSupport/UnityEditor.WebGL.Extensions.dll
Register platform support module: C:/Program Files/Unity/Hub/Editor/2021.3.0f1/Editor/Data/PlaybackEngines/WindowsStandaloneSupport/UnityEditor.WindowsStandalone.Extensions.dll
Registered in 0.007420 seconds.
Native extension for WindowsStandalone target not found
Native extension for WebGL target not found
Refreshing native plugins compatible for Editor in 76.43 ms, found 3 plugins.
Preloading 0 native plugins for Editor in 0.00 ms.
Mono: successfully reloaded assembly
- Completed reload, in  0.547 seconds
Domain Reload Profiling:
	ReloadAssembly (548ms)
		BeginReloadAssembly (67ms)
			ExecutionOrderSort (0ms)
			DisableScriptedObjects (0ms)
			BackupInstance (0ms)
			ReleaseScriptingObjects (0ms)
			CreateAndSetChildDomain (1ms)
		EndReloadAssembly (379ms)
			LoadAssemblies (65ms)
			RebuildTransferFunctionScriptingTraits (0ms)
			SetupTypeCache (87ms)
			ReleaseScriptCaches (0ms)
			RebuildScriptCaches (22ms)
			SetupLoadedEditorAssemblies (228ms)
				LogAssemblyErrors (0ms)
				InitializePlatformSupportModulesInManaged (8ms)
				SetLoadedEditorAssemblies (0ms)
				RefreshPlugins (76ms)
				BeforeProcessingInitializeOnLoad (1ms)
				ProcessInitializeOnLoadAttributes (104ms)
				ProcessInitializeOnLoadMethodAttributes (38ms)
				AfterProcessingInitializeOnLoad (0ms)
				EditorAssembliesLoaded (0ms)
			ExecutionOrderSort2 (0ms)
			AwakeInstancesAfterBackupRestoration (0ms)
Platform modules already initialized, skipping
Registering precompiled user dll's ...
Registered in 0.003018 seconds.
Begin MonoManager ReloadAssembly
Symbol file LoadedFromMemory doesn't match image D:\Unity\MyProjects\CubeSurfer\CubeSurfer\CubeSurfers\Library\PackageCache\com.unity.visualscripting@1.7.6\Editor\VisualScripting.Core\Dependencies\YamlDotNet\Unity.VisualScripting.YamlDotNet.dll
Symbol file LoadedFromMemory is not a mono symbol file
Symbol file LoadedFromMemory doesn't match image D:\Unity\MyProjects\CubeSurfer\CubeSurfer\CubeSurfers\Library\PackageCache\com.unity.visualscripting@1.7.6\Editor\VisualScripting.Core\Dependencies\DotNetZip\Unity.VisualScripting.IonicZip.dll
Native extension for WindowsStandalone target not found
Native extension for WebGL target not found
Refreshing native plugins compatible for Editor in 0.45 ms, found 3 plugins.
Preloading 0 native plugins for Editor in 0.00 ms.
Mono: successfully reloaded assembly
- Completed reload, in  0.845 seconds
Domain Reload Profiling:
	ReloadAssembly (845ms)
		BeginReloadAssembly (96ms)
			ExecutionOrderSort (0ms)
			DisableScriptedObjects (5ms)
			BackupInstance (0ms)
			ReleaseScriptingObjects (0ms)
			CreateAndSetChildDomain (16ms)
		EndReloadAssembly (641ms)
			LoadAssemblies (77ms)
			RebuildTransferFunctionScriptingTraits (0ms)
			SetupTypeCache (212ms)
			ReleaseScriptCaches (1ms)
			RebuildScriptCaches (40ms)
			SetupLoadedEditorAssemblies (282ms)
				LogAssemblyErrors (0ms)
				InitializePlatformSupportModulesInManaged (6ms)
				SetLoadedEditorAssemblies (0ms)
				RefreshPlugins (0ms)
				BeforeProcessingInitializeOnLoad (75ms)
				ProcessInitializeOnLoadAttributes (173ms)
				ProcessInitializeOnLoadMethodAttributes (20ms)
				AfterProcessingInitializeOnLoad (7ms)
				EditorAssembliesLoaded (0ms)
			ExecutionOrderSort2 (0ms)
			AwakeInstancesAfterBackupRestoration (5ms)
Platform modules already initialized, skipping
========================================================================
Worker process is ready to serve import requests
Launched and connected shader compiler UnityShaderCompiler.exe after 0.04 seconds
Refreshing native plugins compatible for Editor in 0.42 ms, found 3 plugins.
Preloading 0 native plugins for Editor in 0.00 ms.
Unloading 3225 Unused Serialized files (Serialized files now loaded: 0)
Unloading 23 unused Assets / (112.1 KB). Loaded Objects now: 3685.
Memory consumption went from 112.1 MB to 112.0 MB.
Total: 2.740800 ms (FindLiveObjects: 0.265800 ms CreateObjectMapping: 0.074800 ms MarkObjects: 2.319100 ms  DeleteObjects: 0.079800 ms)

AssetImportParameters requested are different than current active one (requested -> active):
  custom:video-decoder-ogg-theora: a1e56fd34408186e4bbccfd4996cb3dc -> 
  custom:container-muxer-webm: aa71ff27fc2769a1b78a27578f13a17b -> 
  custom:container-demuxer-webm: 4f35f7cbe854078d1ac9338744f61a02 -> 
  custom:video-encoder-webm-vp8: eb34c28f22e8b96e1ab97ce403110664 -> 
  custom:audio-encoder-webm-vorbis: bf7c407c2cedff20999df2af8eb42d56 -> 
  custom:framework-win-MediaFoundation: 216162199b28c13a410421893ffa2e32 -> 
  custom:container-demuxer-ogg: 62fdf1f143b41e24485cea50d1cbac27 -> 
  custom:video-decoder-webm-vp8: 9c59270c3fd7afecdb556c50c9e8de78 -> 
  custom:audio-decoder-ogg-vorbis: bf7c407c2cedff20999df2af8eb42d56 -> 
========================================================================
Received Import Request.
  Time since last request: 47962.562614 seconds.
  path: Assets/Materials
  artifactKey: Guid(d3cf1a9b5352ed442b208dd06def3ad5) Importer(815301076,1909f56bfc062723c751e8b465ee728b)
Start importing Assets/Materials using Guid(d3cf1a9b5352ed442b208dd06def3ad5) Importer(815301076,1909f56bfc062723c751e8b465ee728b)  -> (artifact id: 'b150e5d6a989b6f2b5aceda892c562a0') in 0.015857 seconds 
========================================================================
Received Import Request.
  Time since last request: 10.374920 seconds.
  path: Assets/Materials/Cube.mat
  artifactKey: Guid(51a074c593848af4fbe67715cacc967b) Importer(815301076,1909f56bfc062723c751e8b465ee728b)
Start importing Assets/Materials/Cube.mat using Guid(51a074c593848af4fbe67715cacc967b) Importer(815301076,1909f56bfc062723c751e8b465ee728b)  -> (artifact id: 'a397d3658ffc0bc3fa3794ecd2778e38') in 0.196406 seconds 
========================================================================
Received Import Request.
  Time since last request: 2.998543 seconds.
  path: Assets/Materials/Cube 1.mat
  artifactKey: Guid(9660536aaf39cbe4a917225f1aea579e) Importer(815301076,1909f56bfc062723c751e8b465ee728b)
Start importing Assets/Materials/Cube 1.mat using Guid(9660536aaf39cbe4a917225f1aea579e) Importer(815301076,1909f56bfc062723c751e8b465ee728b)  -> (artifact id: '175324fafe34e6bcd74cfca50e3c0da5') in 0.028646 seconds 
========================================================================
Received Import Request.
  Time since last request: 0.256791 seconds.
  path: Assets/Materials/Cube 2.mat
  artifactKey: Guid(207df8872acc9fb4cb4409b99f686849) Importer(815301076,1909f56bfc062723c751e8b465ee728b)
Start importing Assets/Materials/Cube 2.mat using Guid(207df8872acc9fb4cb4409b99f686849) Importer(815301076,1909f56bfc062723c751e8b465ee728b)  -> (artifact id: 'cd8aec2c275f9f69cc90e6331cab6df1') in 0.016000 seconds 
========================================================================
Received Import Request.
  Time since last request: 0.177257 seconds.
  path: Assets/Materials/Cube 3.mat
  artifactKey: Guid(e15e330bae80dfa41971cce6f1f0ad5c) Importer(815301076,1909f56bfc062723c751e8b465ee728b)
Start importing Assets/Materials/Cube 3.mat using Guid(e15e330bae80dfa41971cce6f1f0ad5c) Importer(815301076,1909f56bfc062723c751e8b465ee728b)  -> (artifact id: '375d577815b738d34859dbba34d30e5c') in 0.009207 seconds 
========================================================================
Received Import Request.
  Time since last request: 6.551530 seconds.
  path: Assets/Materials/Obstacle.mat
  artifactKey: Guid(9660536aaf39cbe4a917225f1aea579e) Importer(815301076,1909f56bfc062723c751e8b465ee728b)
Start importing Assets/Materials/Obstacle.mat using Guid(9660536aaf39cbe4a917225f1aea579e) Importer(815301076,1909f56bfc062723c751e8b465ee728b)  -> (artifact id: 'ab063746547744c9fce7506778006288') in 0.012074 seconds 
========================================================================
Received Import Request.
  Time since last request: 7.013668 seconds.
  path: Assets/Materials/FakeSky.mat
  artifactKey: Guid(207df8872acc9fb4cb4409b99f686849) Importer(815301076,1909f56bfc062723c751e8b465ee728b)
Start importing Assets/Materials/FakeSky.mat using Guid(207df8872acc9fb4cb4409b99f686849) Importer(815301076,1909f56bfc062723c751e8b465ee728b)  -> (artifact id: 'b1197294a221f94fa2e711ee9128d260') in 0.011869 seconds 
========================================================================
Received Import Request.
  Time since last request: 7.942548 seconds.
  path: Assets/Materials/Ground.mat
  artifactKey: Guid(e15e330bae80dfa41971cce6f1f0ad5c) Importer(815301076,1909f56bfc062723c751e8b465ee728b)
Start importing Assets/Materials/Ground.mat using Guid(e15e330bae80dfa41971cce6f1f0ad5c) Importer(815301076,1909f56bfc062723c751e8b465ee728b)  -> (artifact id: 'd46a59533f94dba013b7a85ea9ad9636') in 0.011960 seconds 
========================================================================
Received Import Request.
  Time since last request: 368.900391 seconds.
  path: Assets/Materials/Cube.mat
  artifactKey: Guid(51a074c593848af4fbe67715cacc967b) Importer(815301076,1909f56bfc062723c751e8b465ee728b)
Start importing Assets/Materials/Cube.mat using Guid(51a074c593848af4fbe67715cacc967b) Importer(815301076,1909f56bfc062723c751e8b465ee728b)  -> (artifact id: '60f500ab57122ca312230c3d94a24d7e') in 0.013306 seconds 
========================================================================
Received Import Request.
  Time since last request: 0.000023 seconds.
  path: Assets/Materials/Obstacle.mat
  artifactKey: Guid(9660536aaf39cbe4a917225f1aea579e) Importer(815301076,1909f56bfc062723c751e8b465ee728b)
Start importing Assets/Materials/Obstacle.mat using Guid(9660536aaf39cbe4a917225f1aea579e) Importer(815301076,1909f56bfc062723c751e8b465ee728b)  -> (artifact id: 'a059611abd52c5d46a1cb2092bc60cb6') in 0.011466 seconds 
========================================================================
Received Import Request.
  Time since last request: 0.000018 seconds.
  path: Assets/Materials/Ground.mat
  artifactKey: Guid(e15e330bae80dfa41971cce6f1f0ad5c) Importer(815301076,1909f56bfc062723c751e8b465ee728b)
Start importing Assets/Materials/Ground.mat using Guid(e15e330bae80dfa41971cce6f1f0ad5c) Importer(815301076,1909f56bfc062723c751e8b465ee728b)  -> (artifact id: 'b8f4ff7d80db1dc1ee245b2bc96e76fe') in 0.011145 seconds 
========================================================================
Received Prepare
Registering precompiled user dll's ...
Registered in 0.003053 seconds.
Begin MonoManager ReloadAssembly
Symbol file LoadedFromMemory doesn't match image D:\Unity\MyProjects\CubeSurfer\CubeSurfer\CubeSurfers\Library\PackageCache\com.unity.visualscripting@1.7.6\Editor\VisualScripting.Core\Dependencies\YamlDotNet\Unity.VisualScripting.YamlDotNet.dll
Symbol file LoadedFromMemory is not a mono symbol file
Symbol file LoadedFromMemory doesn't match image D:\Unity\MyProjects\CubeSurfer\CubeSurfer\CubeSurfers\Library\PackageCache\com.unity.visualscripting@1.7.6\Editor\VisualScripting.Core\Dependencies\DotNetZip\Unity.VisualScripting.IonicZip.dll
Native extension for WindowsStandalone target not found
Native extension for WebGL target not found
Refreshing native plugins compatible for Editor in 0.55 ms, found 3 plugins.
Preloading 0 native plugins for Editor in 0.00 ms.
Mono: successfully reloaded assembly
- Completed reload, in  0.815 seconds
Domain Reload Profiling:
	ReloadAssembly (815ms)
		BeginReloadAssembly (125ms)
			ExecutionOrderSort (0ms)
			DisableScriptedObjects (4ms)
			BackupInstance (0ms)
			ReleaseScriptingObjects (0ms)
			CreateAndSetChildDomain (30ms)
		EndReloadAssembly (607ms)
			LoadAssemblies (82ms)
			RebuildTransferFunctionScriptingTraits (0ms)
			SetupTypeCache (208ms)
			ReleaseScriptCaches (1ms)
			RebuildScriptCaches (34ms)
			SetupLoadedEditorAssemblies (254ms)
				LogAssemblyErrors (0ms)
				InitializePlatformSupportModulesInManaged (12ms)
				SetLoadedEditorAssemblies (0ms)
				RefreshPlugins (1ms)
				BeforeProcessingInitializeOnLoad (57ms)
				ProcessInitializeOnLoadAttributes (157ms)
				ProcessInitializeOnLoadMethodAttributes (18ms)
				AfterProcessingInitializeOnLoad (8ms)
				EditorAssembliesLoaded (0ms)
			ExecutionOrderSort2 (0ms)
			AwakeInstancesAfterBackupRestoration (5ms)
Platform modules already initialized, skipping
Refreshing native plugins compatible for Editor in 1.14 ms, found 3 plugins.
Preloading 0 native plugins for Editor in 0.00 ms.
Unloading 3226 Unused Serialized files (Serialized files now loaded: 0)
Unloading 18 unused Assets / (0.8 MB). Loaded Objects now: 3731.
Memory consumption went from 118.1 MB to 117.3 MB.
Total: 2.649800 ms (FindLiveObjects: 0.241100 ms CreateObjectMapping: 0.071900 ms MarkObjects: 2.049900 ms  DeleteObjects: 0.286100 ms)

AssetImportParameters requested are different than current active one (requested -> active):
  custom:video-decoder-ogg-theora: a1e56fd34408186e4bbccfd4996cb3dc -> 
  custom:container-muxer-webm: aa71ff27fc2769a1b78a27578f13a17b -> 
  custom:container-demuxer-webm: 4f35f7cbe854078d1ac9338744f61a02 -> 
  custom:video-encoder-webm-vp8: eb34c28f22e8b96e1ab97ce403110664 -> 
  custom:audio-encoder-webm-vorbis: bf7c407c2cedff20999df2af8eb42d56 -> 
  custom:framework-win-MediaFoundation: 216162199b28c13a410421893ffa2e32 -> 
  custom:container-demuxer-ogg: 62fdf1f143b41e24485cea50d1cbac27 -> 
  custom:video-decoder-webm-vp8: 9c59270c3fd7afecdb556c50c9e8de78 -> 
  custom:audio-decoder-ogg-vorbis: bf7c407c2cedff20999df2af8eb42d56 -> 
========================================================================
Received Import Request.
  Time since last request: 34.626948 seconds.
  path: Assets/Supercyan Character Pack Free Sample/Prefabs
  artifactKey: Guid(95a779c7172f3a44c95f30305823626f) Importer(815301076,1909f56bfc062723c751e8b465ee728b)
Start importing Assets/Supercyan Character Pack Free Sample/Prefabs using Guid(95a779c7172f3a44c95f30305823626f) Importer(815301076,1909f56bfc062723c751e8b465ee728b)  -> (artifact id: '5683787d20a7fb109bef660e442aec58') in 0.008722 seconds 
========================================================================
Received Import Request.
  Time since last request: 1.005502 seconds.
  path: Assets/Supercyan Character Pack Free Sample/Prefabs/Base
  artifactKey: Guid(0ab18ef640fc1e14abd86fbd0d9eee67) Importer(815301076,1909f56bfc062723c751e8b465ee728b)
Start importing Assets/Supercyan Character Pack Free Sample/Prefabs/Base using Guid(0ab18ef640fc1e14abd86fbd0d9eee67) Importer(815301076,1909f56bfc062723c751e8b465ee728b)  -> (artifact id: '626fc3e6dd92ef80cf544501a7412835') in 0.004227 seconds 
========================================================================
Received Import Request.
  Time since last request: 0.353842 seconds.
  path: Assets/Supercyan Character Pack Free Sample/Prefabs/Simple Movement
  artifactKey: Guid(a6b443b6b679b384a88c720a5f4fa1c0) Importer(815301076,1909f56bfc062723c751e8b465ee728b)
Start importing Assets/Supercyan Character Pack Free Sample/Prefabs/Simple Movement using Guid(a6b443b6b679b384a88c720a5f4fa1c0) Importer(815301076,1909f56bfc062723c751e8b465ee728b)  -> (artifact id: '1706a18f6cda004f7872ffbe2ba941c3') in 0.004263 seconds 
========================================================================
Received Import Request.
  Time since last request: 3.659375 seconds.
  path: Assets/Supercyan Character Pack Free Sample/Prefabs/Base/Mobile
  artifactKey: Guid(12f2fa796a259784aa5910a9e0947f04) Importer(815301076,1909f56bfc062723c751e8b465ee728b)
Start importing Assets/Supercyan Character Pack Free Sample/Prefabs/Base/Mobile using Guid(12f2fa796a259784aa5910a9e0947f04) Importer(815301076,1909f56bfc062723c751e8b465ee728b)  -> (artifact id: '4f476d1e3d98a844adfbbdedcdd931f0') in 0.003862 seconds 
========================================================================
Received Import Request.
  Time since last request: 0.088528 seconds.
  path: Assets/Supercyan Character Pack Free Sample/Prefabs/Base/Mobile/MobileMaleFree1.prefab
  artifactKey: Guid(1e8e1924bb442334c9125455634bb567) Importer(815301076,1909f56bfc062723c751e8b465ee728b)
Start importing Assets/Supercyan Character Pack Free Sample/Prefabs/Base/Mobile/MobileMaleFree1.prefab using Guid(1e8e1924bb442334c9125455634bb567) Importer(815301076,1909f56bfc062723c751e8b465ee728b)  -> (artifact id: '4d44e74fec7ddf85177efbf34c88110e') in 0.133013 seconds 
========================================================================
Received Import Request.
  Time since last request: 5.759801 seconds.
  path: Assets/Supercyan Character Pack Free Sample/Prefabs/Base/High Quality/MaleFree1.prefab
  artifactKey: Guid(313ad0ef31f75b84f9f31c0528802fdd) Importer(815301076,1909f56bfc062723c751e8b465ee728b)
Start importing Assets/Supercyan Character Pack Free Sample/Prefabs/Base/High Quality/MaleFree1.prefab using Guid(313ad0ef31f75b84f9f31c0528802fdd) Importer(815301076,1909f56bfc062723c751e8b465ee728b)  -> (artifact id: '5139e7259dc470801c9ac834b68dc869') in 0.117971 seconds 
========================================================================
Received Import Request.
  Time since last request: 117.075456 seconds.
  path: Assets/Supercyan Character Pack Free Sample/Animations/common_people@backwards-run.FBX
  artifactKey: Guid(478fe807cc09b09448250cacc1ab8eb8) Importer(815301076,1909f56bfc062723c751e8b465ee728b)
Start importing Assets/Supercyan Character Pack Free Sample/Animations/common_people@backwards-run.FBX using Guid(478fe807cc09b09448250cacc1ab8eb8) Importer(815301076,1909f56bfc062723c751e8b465ee728b)  -> (artifact id: '028ea326ed542dbd077f536428da8227') in 0.073167 seconds 
========================================================================
Received Import Request.
  Time since last request: 0.000015 seconds.
  path: Assets/Supercyan Character Pack Free Sample/Animations/common_people@idle.FBX
  artifactKey: Guid(10cbb0afa2a98564a983cdaf3c1b7551) Importer(815301076,1909f56bfc062723c751e8b465ee728b)
Start importing Assets/Supercyan Character Pack Free Sample/Animations/common_people@idle.FBX using Guid(10cbb0afa2a98564a983cdaf3c1b7551) Importer(815301076,1909f56bfc062723c751e8b465ee728b)  -> (artifact id: 'b6ba82b842dc1682953606d5bebbabff') in 0.020901 seconds 
========================================================================
Received Import Request.
  Time since last request: 0.000029 seconds.
  path: Assets/Supercyan Character Pack Free Sample/Animations/common_people@walk.FBX
  artifactKey: Guid(77d7842e2139f594bb31c3c63d1ad4b4) Importer(815301076,1909f56bfc062723c751e8b465ee728b)
Start importing Assets/Supercyan Character Pack Free Sample/Animations/common_people@walk.FBX using Guid(77d7842e2139f594bb31c3c63d1ad4b4) Importer(815301076,1909f56bfc062723c751e8b465ee728b)  -> (artifact id: 'd0916cac34c0fb2fa3371a1a90d04f9b') in 0.021630 seconds 
========================================================================
Received Import Request.
  Time since last request: 0.000017 seconds.
  path: Assets/Supercyan Character Pack Free Sample/Animations/common_people@run.FBX
  artifactKey: Guid(587fb8efeff01634aa9ce8a5af77911a) Importer(815301076,1909f56bfc062723c751e8b465ee728b)
Start importing Assets/Supercyan Character Pack Free Sample/Animations/common_people@run.FBX using Guid(587fb8efeff01634aa9ce8a5af77911a) Importer(815301076,1909f56bfc062723c751e8b465ee728b)  -> (artifact id: '87f5796f52ff0964529d5830a2eef44f') in 0.031724 seconds 
========================================================================
Received Import Request.
  Time since last request: 0.000020 seconds.
  path: Assets/Supercyan Character Pack Free Sample/Animations/common_people@jump-float.FBX
  artifactKey: Guid(a61a057436c775f449fcb20e89101739) Importer(815301076,1909f56bfc062723c751e8b465ee728b)
Start importing Assets/Supercyan Character Pack Free Sample/Animations/common_people@jump-float.FBX using Guid(a61a057436c775f449fcb20e89101739) Importer(815301076,1909f56bfc062723c751e8b465ee728b)  -> (artifact id: '395762770c4f113a191bffaa18865c33') in 0.026934 seconds 
========================================================================
Received Import Request.
  Time since last request: 0.000020 seconds.
  path: Assets/Supercyan Character Pack Free Sample/Animations/common_people@mpose.FBX
  artifactKey: Guid(45d480461bbdc704587e117329ce8e69) Importer(815301076,1909f56bfc062723c751e8b465ee728b)
Start importing Assets/Supercyan Character Pack Free Sample/Animations/common_people@mpose.FBX using Guid(45d480461bbdc704587e117329ce8e69) Importer(815301076,1909f56bfc062723c751e8b465ee728b)  -> (artifact id: '225c8d83a5719c8c0f849f16984edfee') in 0.024559 seconds 
========================================================================
Received Prepare
Registering precompiled user dll's ...
Registered in 0.002837 seconds.
Begin MonoManager ReloadAssembly
Symbol file LoadedFromMemory doesn't match image D:\Unity\MyProjects\CubeSurfer\CubeSurfer\CubeSurfers\Library\PackageCache\com.unity.visualscripting@1.7.6\Editor\VisualScripting.Core\Dependencies\YamlDotNet\Unity.VisualScripting.YamlDotNet.dll
Symbol file LoadedFromMemory is not a mono symbol file
Symbol file LoadedFromMemory doesn't match image D:\Unity\MyProjects\CubeSurfer\CubeSurfer\CubeSurfers\Library\PackageCache\com.unity.visualscripting@1.7.6\Editor\VisualScripting.Core\Dependencies\DotNetZip\Unity.VisualScripting.IonicZip.dll
Native extension for WindowsStandalone target not found
Native extension for WebGL target not found
Refreshing native plugins compatible for Editor in 0.74 ms, found 3 plugins.
Preloading 0 native plugins for Editor in 0.00 ms.
Mono: successfully reloaded assembly
- Completed reload, in  0.900 seconds
Domain Reload Profiling:
	ReloadAssembly (901ms)
		BeginReloadAssembly (129ms)
			ExecutionOrderSort (0ms)
			DisableScriptedObjects (4ms)
			BackupInstance (0ms)
			ReleaseScriptingObjects (0ms)
			CreateAndSetChildDomain (35ms)
		EndReloadAssembly (677ms)
			LoadAssemblies (84ms)
			RebuildTransferFunctionScriptingTraits (0ms)
			SetupTypeCache (230ms)
			ReleaseScriptCaches (1ms)
			RebuildScriptCaches (38ms)
			SetupLoadedEditorAssemblies (288ms)
				LogAssemblyErrors (0ms)
				InitializePlatformSupportModulesInManaged (14ms)
				SetLoadedEditorAssemblies (1ms)
				RefreshPlugins (1ms)
				BeforeProcessingInitializeOnLoad (65ms)
				ProcessInitializeOnLoadAttributes (176ms)
				ProcessInitializeOnLoadMethodAttributes (21ms)
				AfterProcessingInitializeOnLoad (11ms)
				EditorAssembliesLoaded (0ms)
			ExecutionOrderSort2 (0ms)
			AwakeInstancesAfterBackupRestoration (7ms)
Platform modules already initialized, skipping
Refreshing native plugins compatible for Editor in 1.27 ms, found 3 plugins.
Preloading 0 native plugins for Editor in 0.00 ms.
Unloading 3225 Unused Serialized files (Serialized files now loaded: 0)
Unloading 17 unused Assets / (0.5 MB). Loaded Objects now: 3742.
Memory consumption went from 131.0 MB to 130.5 MB.
Total: 4.016400 ms (FindLiveObjects: 0.294500 ms CreateObjectMapping: 0.071700 ms MarkObjects: 3.354400 ms  DeleteObjects: 0.294900 ms)

AssetImportParameters requested are different than current active one (requested -> active):
  custom:video-decoder-ogg-theora: a1e56fd34408186e4bbccfd4996cb3dc -> 
  custom:container-muxer-webm: aa71ff27fc2769a1b78a27578f13a17b -> 
  custom:container-demuxer-webm: 4f35f7cbe854078d1ac9338744f61a02 -> 
  custom:video-encoder-webm-vp8: eb34c28f22e8b96e1ab97ce403110664 -> 
  custom:audio-encoder-webm-vorbis: bf7c407c2cedff20999df2af8eb42d56 -> 
  custom:framework-win-MediaFoundation: 216162199b28c13a410421893ffa2e32 -> 
  custom:container-demuxer-ogg: 62fdf1f143b41e24485cea50d1cbac27 -> 
  custom:video-decoder-webm-vp8: 9c59270c3fd7afecdb556c50c9e8de78 -> 
  custom:audio-decoder-ogg-vorbis: bf7c407c2cedff20999df2af8eb42d56 -> 
Editor requested this worker to shutdown with reason: Scaling down because of idle timeout
AssetImportWorker is now disconnected from the server
Process exiting
Exiting without the bug reporter. Application will terminate with return code 0